# JRE version: Java(TM) SE Runtime Environment (8.0_91-b14) (build 1.8.0_91-b14)
# Java VM: Java HotSpot(TM) 64-Bit Server VM (25.91-b14 mixed mode windows-amd64 compressed oops)
Heap:
 PSYoungGen      total 278528K, used 192764K [0x00000000eab00000, 0x0000000100000000, 0x0000000100000000)
  eden space 242688K, 67% used [0x00000000eab00000,0x00000000f4bab1d8,0x00000000f9800000)
  from space 35840K, 78% used [0x00000000f9800000,0x00000000fb393e68,0x00000000fbb00000)
  to   space 38912K, 0% used [0x00000000fda00000,0x00000000fda00000,0x0000000100000000)
 ParOldGen       total 195072K, used 52569K [0x00000000c0000000, 0x00000000cbe80000, 0x00000000eab00000)
  object space 195072K, 26% used [0x00000000c0000000,0x00000000c3356640,0x00000000cbe80000)
 Metaspace       used 60383K, capacity 62724K, committed 63104K, reserved 1103872K
  class space    used 8136K, capacity 8716K, committed 8832K, reserved 1048576K
GC Heap History (10 events):
Event: 5.660 GC heap before
{Heap before GC invocations=12 (full 2):
 PSYoungGen      total 210432K, used 210412K [0x00000000eab00000, 0x00000000fc400000, 0x0000000100000000)
  eden space 189952K, 100% used [0x00000000eab00000,0x00000000f6480000,0x00000000f6480000)
  from space 20480K, 99% used [0x00000000f6480000,0x00000000f787b080,0x00000000f7880000)
  to   space 25600K, 0% used [0x00000000fab00000,0x00000000fab00000,0x00000000fc400000)
 ParOldGen       total 195072K, used 23322K [0x00000000c0000000, 0x00000000cbe80000, 0x00000000eab00000)
  object space 195072K, 11% used [0x00000000c0000000,0x00000000c16c6b00,0x00000000cbe80000)
 Metaspace       used 49739K, capacity 51574K, committed 51840K, reserved 1093632K
  class space    used 6828K, capacity 7282K, committed 7296K, reserved 1048576K
Event: 5.694 GC heap after
Heap after GC invocations=12 (full 2):
 PSYoungGen      total 252416K, used 25596K [0x00000000eab00000, 0x00000000fdb00000, 0x0000000100000000)
  eden space 226816K, 0% used [0x00000000eab00000,0x00000000eab00000,0x00000000f8880000)
  from space 25600K, 99% used [0x00000000fab00000,0x00000000fc3ff3d8,0x00000000fc400000)
  to   space 35328K, 0% used [0x00000000f8880000,0x00000000f8880000,0x00000000fab00000)
 ParOldGen       total 195072K, used 38259K [0x00000000c0000000, 0x00000000cbe80000, 0x00000000eab00000)
  object space 195072K, 19% used [0x00000000c0000000,0x00000000c255cda8,0x00000000cbe80000)
 Metaspace       used 49739K, capacity 51574K, committed 51840K, reserved 1093632K
  class space    used 6828K, capacity 7282K, committed 7296K, reserved 1048576K
}
Event: 5.803 GC heap before
{Heap before GC invocations=13 (full 2):
 PSYoungGen      total 252416K, used 41264K [0x00000000eab00000, 0x00000000fdb00000, 0x0000000100000000)
  eden space 226816K, 6% used [0x00000000eab00000,0x00000000eba4ceb0,0x00000000f8880000)
  from space 25600K, 99% used [0x00000000fab00000,0x00000000fc3ff3d8,0x00000000fc400000)
  to   space 35328K, 0% used [0x00000000f8880000,0x00000000f8880000,0x00000000fab00000)
 ParOldGen       total 195072K, used 38259K [0x00000000c0000000, 0x00000000cbe80000, 0x00000000eab00000)
  object space 195072K, 19% used [0x00000000c0000000,0x00000000c255cda8,0x00000000cbe80000)
 Metaspace       used 50615K, capacity 52424K, committed 52480K, reserved 1093632K
  class space    used 6953K, capacity 7381K, committed 7424K, reserved 1048576K
Event: 5.842 GC heap after
Heap after GC invocations=13 (full 2):
 PSYoungGen      total 262144K, used 26940K [0x00000000eab00000, 0x00000000fe000000, 0x0000000100000000)
  eden space 226816K, 0% used [0x00000000eab00000,0x00000000eab00000,0x00000000f8880000)
  from space 35328K, 76% used [0x00000000f8880000,0x00000000fa2cf1c0,0x00000000fab00000)
  to   space 37888K, 0% used [0x00000000fbb00000,0x00000000fbb00000,0x00000000fe000000)
 ParOldGen       total 195072K, used 38267K [0x00000000c0000000, 0x00000000cbe80000, 0x00000000eab00000)
  object space 195072K, 19% used [0x00000000c0000000,0x00000000c255eda8,0x00000000cbe80000)
 Metaspace       used 50615K, capacity 52424K, committed 52480K, reserved 1093632K
  class space    used 6953K, capacity 7381K, committed 7424K, reserved 1048576K
}
Event: 5.842 GC heap before
{Heap before GC invocations=14 (full 3):
 PSYoungGen      total 262144K, used 26940K [0x00000000eab00000, 0x00000000fe000000, 0x0000000100000000)
  eden space 226816K, 0% used [0x00000000eab00000,0x00000000eab00000,0x00000000f8880000)
  from space 35328K, 76% used [0x00000000f8880000,0x00000000fa2cf1c0,0x00000000fab00000)
  to   space 37888K, 0% used [0x00000000fbb00000,0x00000000fbb00000,0x00000000fe000000)
 ParOldGen       total 195072K, used 38267K [0x00000000c0000000, 0x00000000cbe80000, 0x00000000eab00000)
  object space 195072K, 19% used [0x00000000c0000000,0x00000000c255eda8,0x00000000cbe80000)
 Metaspace       used 50615K, capacity 52424K, committed 52480K, reserved 1093632K
  class space    used 6953K, capacity 7381K, committed 7424K, reserved 1048576K
Event: 6.043 GC heap after
Heap after GC invocations=14 (full 3):
 PSYoungGen      total 262144K, used 0K [0x00000000eab00000, 0x00000000fe000000, 0x0000000100000000)
  eden space 226816K, 0% used [0x00000000eab00000,0x00000000eab00000,0x00000000f8880000)
  from space 35328K, 0% used [0x00000000f8880000,0x00000000f8880000,0x00000000fab00000)
  to   space 37888K, 0% used [0x00000000fbb00000,0x00000000fbb00000,0x00000000fe000000)
 ParOldGen       total 195072K, used 52553K [0x00000000c0000000, 0x00000000cbe80000, 0x00000000eab00000)
  object space 195072K, 26% used [0x00000000c0000000,0x00000000c3352640,0x00000000cbe80000)
 Metaspace       used 50615K, capacity 52424K, committed 52480K, reserved 1093632K
  class space    used 6953K, capacity 7381K, committed 7424K, reserved 1048576K
}
Event: 8.617 GC heap before
{Heap before GC invocations=15 (full 3):
 PSYoungGen      total 262144K, used 226816K [0x00000000eab00000, 0x00000000fe000000, 0x0000000100000000)
  eden space 226816K, 100% used [0x00000000eab00000,0x00000000f8880000,0x00000000f8880000)
  from space 35328K, 0% used [0x00000000f8880000,0x00000000f8880000,0x00000000fab00000)
  to   space 37888K, 0% used [0x00000000fbb00000,0x00000000fbb00000,0x00000000fe000000)
 ParOldGen       total 195072K, used 52553K [0x00000000c0000000, 0x00000000cbe80000, 0x00000000eab00000)
  object space 195072K, 26% used [0x00000000c0000000,0x00000000c3352640,0x00000000cbe80000)
 Metaspace       used 51202K, capacity 53234K, committed 53376K, reserved 1095680K
  class space    used 6990K, capacity 7428K, committed 7552K, reserved 1048576K
Event: 8.656 GC heap after
Heap after GC invocations=15 (full 3):
 PSYoungGen      total 280576K, used 13820K [0x00000000eab00000, 0x00000000ffe80000, 0x0000000100000000)
  eden space 242688K, 0% used [0x00000000eab00000,0x00000000eab00000,0x00000000f9800000)
  from space 37888K, 36% used [0x00000000fbb00000,0x00000000fc87f2b8,0x00000000fe000000)
  to   space 35840K, 0% used [0x00000000f9800000,0x00000000f9800000,0x00000000fbb00000)
 ParOldGen       total 195072K, used 52561K [0x00000000c0000000, 0x00000000cbe80000, 0x00000000eab00000)
  object space 195072K, 26% used [0x00000000c0000000,0x00000000c3354640,0x00000000cbe80000)
 Metaspace       used 51202K, capacity 53234K, committed 53376K, reserved 1095680K
  class space    used 6990K, capacity 7428K, committed 7552K, reserved 1048576K
}
Event: 13.031 GC heap before
{Heap before GC invocations=16 (full 3):
 PSYoungGen      total 280576K, used 256508K [0x00000000eab00000, 0x00000000ffe80000, 0x0000000100000000)
  eden space 242688K, 100% used [0x00000000eab00000,0x00000000f9800000,0x00000000f9800000)
  from space 37888K, 36% used [0x00000000fbb00000,0x00000000fc87f2b8,0x00000000fe000000)
  to   space 35840K, 0% used [0x00000000f9800000,0x00000000f9800000,0x00000000fbb00000)
 ParOldGen       total 195072K, used 52561K [0x00000000c0000000, 0x00000000cbe80000, 0x00000000eab00000)
  object space 195072K, 26% used [0x00000000c0000000,0x00000000c3354640,0x00000000cbe80000)
 Metaspace       used 59659K, capacity 62052K, committed 62208K, reserved 1103872K
  class space    used 8077K, capacity 8684K, committed 8704K, reserved 1048576K
Event: 13.056 GC heap after
Heap after GC invocations=16 (full 3):
 PSYoungGen      total 278528K, used 28239K [0x00000000eab00000, 0x0000000100000000, 0x0000000100000000)
  eden space 242688K, 0% used [0x00000000eab00000,0x00000000eab00000,0x00000000f9800000)
  from space 35840K, 78% used [0x00000000f9800000,0x00000000fb393e68,0x00000000fbb00000)
  to   space 38912K, 0% used [0x00000000fda00000,0x00000000fda00000,0x0000000100000000)
 ParOldGen       total 195072K, used 52569K [0x00000000c0000000, 0x00000000cbe80000, 0x00000000eab00000)
  object space 195072K, 26% used [0x00000000c0000000,0x00000000c3356640,0x00000000cbe80000)
 Metaspace       used 59659K, capacity 62052K, committed 62208K, reserved 1103872K
  class space    used 8077K, capacity 8684K, committed 8704K, reserved 1048576K
}

